<?xml version="1.0" encoding="UTF-8"?>
<!-- Generated by org.testng.reporters.JUnitReportReporter -->
<testsuite hostname="SAANVI" name="TestNG.BaseClass" tests="1" failures="0" timestamp="18 Jun 2021 16:04:11 GMT" time="10.188" errors="0">
  <testcase name="demo" time="10.188" classname="TestNG.BaseClass"/>
</testsuite> <!-- TestNG.BaseClass -->
