<?xml version="1.0" encoding="UTF-8"?>
<!-- Generated by org.testng.reporters.JUnitReportReporter -->
<testsuite hostname="SAANVI" name="TestNG.TC_08TestGroupDepend" tests="2" failures="0" timestamp="18 Jun 2021 13:34:30 GMT" time="0.015" errors="0">
  <testcase name="sample" time="0.015" classname="TestNG.TC_08TestGroupDepend"/>
  <testcase name="demo" time="0.000" classname="TestNG.TC_08TestGroupDepend"/>
</testsuite> <!-- TestNG.TC_08TestGroupDepend -->
