<?xml version="1.0" encoding="UTF-8"?>
<!-- Generated by org.testng.reporters.JUnitReportReporter -->
<testsuite hostname="SAANVI" name="TestNG.TC_04test" tests="2" failures="0" timestamp="15 Jun 2021 13:35:58 GMT" time="0.000" errors="0">
  <testcase name="sample" time="0.000" classname="TestNG.TC_04test"/>
  <testcase name="sample" time="0.000" classname="TestNG.TC_04test"/>
</testsuite> <!-- TestNG.TC_04test -->
