<?xml version="1.0" encoding="UTF-8"?>
<!-- Generated by org.testng.reporters.JUnitReportReporter -->
<testsuite hostname="SAANVI" name="TestNG.TCForTimeOut" tests="1" failures="0" timestamp="18 Jun 2021 14:39:59 GMT" time="0.021" errors="0">
  <testcase name="demo" time="0.021" classname="TestNG.TCForTimeOut"/>
</testsuite> <!-- TestNG.TCForTimeOut -->
