<?xml version="1.0" encoding="UTF-8"?>
<!-- Generated by org.testng.reporters.JUnitReportReporter -->
<testsuite hostname="SAANVI" name="TestNG.TC_02test" tests="2" failures="0" timestamp="15 Jun 2021 13:15:52 GMT" time="0.016" errors="0">
  <testcase name="sample" time="0.000" classname="TestNG.TC_02test"/>
  <testcase name="demo" time="0.016" classname="TestNG.TC_02test"/>
</testsuite> <!-- TestNG.TC_02test -->
