<?xml version="1.0" encoding="UTF-8"?>
<!-- Generated by org.testng.reporters.JUnitReportReporter -->
<testsuite hostname="SAANVI" name="TestNG.TC_06test" tests="4" failures="0" timestamp="15 Jun 2021 13:51:27 GMT" time="0.016" errors="0">
  <testcase name="sample" time="0.000" classname="TestNG.TC_06test"/>
  <testcase name="dinga" time="0.000" classname="TestNG.TC_06test"/>
  <testcase name="demo" time="0.016" classname="TestNG.TC_06test"/>
  <testcase name="dina" time="0.000" classname="TestNG.TC_06test"/>
</testsuite> <!-- TestNG.TC_06test -->
