<?xml version="1.0" encoding="UTF-8"?>
<!-- Generated by org.testng.reporters.JUnitReportReporter -->
<testsuite hostname="SAANVI" name="TestNG.TC_01test" tests="1" failures="0" timestamp="15 Jun 2021 13:08:29 GMT" time="0.000" errors="0">
  <testcase name="sample" time="0.000" classname="TestNG.TC_01test"/>
</testsuite> <!-- TestNG.TC_01test -->
