<?xml version="1.0" encoding="UTF-8"?>
<!-- Generated by org.testng.reporters.JUnitReportReporter -->
<testsuite hostname="SAANVI" name="TestNG.TCForBaseClass" tests="1" failures="0" timestamp="18 Jun 2021 16:11:39 GMT" time="9.476" errors="0">
  <testcase name="demo" time="9.476" classname="TestNG.TCForBaseClass"/>
</testsuite> <!-- TestNG.TCForBaseClass -->
