<?xml version="1.0" encoding="UTF-8"?>
<!-- Generated by org.testng.reporters.JUnitReportReporter -->
<testsuite hostname="SAANVI" name="VtigerUsingTestN.TC1" tests="1" failures="0" timestamp="25 Jun 2021 15:29:08 GMT" time="9.930" errors="0">
  <testcase name="demo" time="9.930" classname="VtigerUsingTestN.TC1"/>
</testsuite> <!-- VtigerUsingTestN.TC1 -->
