<?xml version="1.0" encoding="UTF-8"?>
<!-- Generated by org.testng.reporters.JUnitReportReporter -->
<testsuite hostname="SAANVI" name="TestNG.TC_06TestGroupDepend" tests="4" failures="0" timestamp="18 Jun 2021 13:34:30 GMT" time="0.004" errors="0">
  <testcase name="dinga" time="0.001" classname="TestNG.TC_06TestGroupDepend"/>
  <testcase name="dina" time="0.002" classname="TestNG.TC_06TestGroupDepend"/>
  <testcase name="demo" time="0.000" classname="TestNG.TC_06TestGroupDepend"/>
  <testcase name="sample" time="0.001" classname="TestNG.TC_06TestGroupDepend"/>
</testsuite> <!-- TestNG.TC_06TestGroupDepend -->
