<?xml version="1.0" encoding="UTF-8"?>
<!-- Generated by org.testng.reporters.JUnitReportReporter -->
<testsuite hostname="SAANVI" name="TestNG.Configuration" tests="1" failures="0" timestamp="18 Jun 2021 15:43:05 GMT" time="0.009" errors="0">
  <testcase name="demo" time="0.009" classname="TestNG.Configuration"/>
</testsuite> <!-- TestNG.Configuration -->
