<?xml version="1.0" encoding="UTF-8"?>
<!-- Generated by org.testng.reporters.JUnitReportReporter -->
<testsuite hostname="SAANVI" name="TestNG.TC_03Test" tests="8" failures="0" timestamp="18 Jun 2021 06:38:52 GMT" time="0.019" errors="0">
  <testcase name="demo" time="0.001" classname="TestNG.TC_03Test"/>
  <testcase name="sample" time="0.001" classname="TestNG.TC_03Test"/>
  <testcase name="demo" time="0.001" classname="TestNG.TC_03Test"/>
  <testcase name="demo" time="0.001" classname="TestNG.TC_03Test"/>
  <testcase name="demo" time="0.000" classname="TestNG.TC_03Test"/>
  <testcase name="sample" time="0.013" classname="TestNG.TC_03Test"/>
  <testcase name="sample" time="0.001" classname="TestNG.TC_03Test"/>
  <testcase name="demo" time="0.001" classname="TestNG.TC_03Test"/>
</testsuite> <!-- TestNG.TC_03Test -->
