<?xml version="1.0" encoding="UTF-8"?>
<!-- Generated by org.testng.reporters.JUnitReportReporter -->
<testsuite hostname="SAANVI" name="TestNG.TcForThreadPoolSize" tests="3" failures="0" timestamp="18 Jun 2021 14:57:28 GMT" time="0.056" errors="0">
  <testcase name="demo" time="0.019" classname="TestNG.TcForThreadPoolSize"/>
  <testcase name="demo" time="0.018" classname="TestNG.TcForThreadPoolSize"/>
  <testcase name="demo" time="0.019" classname="TestNG.TcForThreadPoolSize"/>
</testsuite> <!-- TestNG.TcForThreadPoolSize -->
